#! /c/Source/iverilog-install/bin/vvp
:ivl_version "12.0 (devel)" "(s20150603-1539-g2693dd32b)";
:ivl_delay_selection "TYPICAL";
:vpi_time_precision + 0;
:vpi_module "C:\iverilog\lib\ivl\system.vpi";
:vpi_module "C:\iverilog\lib\ivl\vhdl_sys.vpi";
:vpi_module "C:\iverilog\lib\ivl\vhdl_textio.vpi";
:vpi_module "C:\iverilog\lib\ivl\v2005_math.vpi";
:vpi_module "C:\iverilog\lib\ivl\va_math.vpi";
S_0000020f204768d0 .scope module, "tb_risc_immediate_cpu" "tb_risc_immediate_cpu" 2 1;
 .timescale 0 0;
v0000020f204cb840_0 .net "R0", 7 0, L_0000020f20479d90;  1 drivers
v0000020f204cbc00_0 .net "R1", 7 0, L_0000020f20479700;  1 drivers
v0000020f204cb340_0 .net "R2", 7 0, L_0000020f20479770;  1 drivers
v0000020f204cb8e0_0 .net "R3", 7 0, L_0000020f20479af0;  1 drivers
v0000020f204cb0c0_0 .var "clk", 0 0;
v0000020f204caf80_0 .var "reset", 0 0;
S_0000020f20476a60 .scope module, "DUT" "risc_immediate_cpu" 2 9, 3 1 0, S_0000020f204768d0;
 .timescale 0 0;
    .port_info 0 /INPUT 1 "clk";
    .port_info 1 /INPUT 1 "reset";
    .port_info 2 /OUTPUT 8 "R0";
    .port_info 3 /OUTPUT 8 "R1";
    .port_info 4 /OUTPUT 8 "R2";
    .port_info 5 /OUTPUT 8 "R3";
P_0000020f2046c1d0 .param/l "ADD" 0 3 21, C4<00>;
P_0000020f2046c208 .param/l "ADDI" 0 3 23, C4<10>;
P_0000020f2046c240 .param/l "SUB" 0 3 22, C4<01>;
v0000020f204cbac0_0 .array/port v0000020f204cbac0, 0;
L_0000020f20479d90 .functor BUFZ 8, v0000020f204cbac0_0, C4<00000000>, C4<00000000>, C4<00000000>;
v0000020f204cbac0_1 .array/port v0000020f204cbac0, 1;
L_0000020f20479700 .functor BUFZ 8, v0000020f204cbac0_1, C4<00000000>, C4<00000000>, C4<00000000>;
v0000020f204cbac0_2 .array/port v0000020f204cbac0, 2;
L_0000020f20479770 .functor BUFZ 8, v0000020f204cbac0_2, C4<00000000>, C4<00000000>, C4<00000000>;
v0000020f204cbac0_3 .array/port v0000020f204cbac0, 3;
L_0000020f20479af0 .functor BUFZ 8, v0000020f204cbac0_3, C4<00000000>, C4<00000000>, C4<00000000>;
v0000020f203b63b0_0 .var "IR", 7 0;
v0000020f204ca850_0 .var "PC", 3 0;
v0000020f204ca8f0_0 .net "R0", 7 0, L_0000020f20479d90;  alias, 1 drivers
v0000020f204ca990_0 .net "R1", 7 0, L_0000020f20479700;  alias, 1 drivers
v0000020f204caa30_0 .net "R2", 7 0, L_0000020f20479770;  alias, 1 drivers
v0000020f204caad0_0 .net "R3", 7 0, L_0000020f20479af0;  alias, 1 drivers
v0000020f204cab70_0 .net "clk", 0 0, v0000020f204cb0c0_0;  1 drivers
v0000020f204cac10_0 .net "imm", 1 0, L_0000020f204cb160;  1 drivers
v0000020f204cacb0_0 .net "opcode", 1 0, L_0000020f204cb200;  1 drivers
v0000020f204cad50 .array "program", 15 0, 7 0;
v0000020f204cadf0_0 .net "rd", 1 0, L_0000020f204cbca0;  1 drivers
v0000020f204cbac0 .array "reg_file", 3 0, 7 0;
v0000020f204cb020_0 .net "reset", 0 0, v0000020f204caf80_0;  1 drivers
v0000020f204cbb60_0 .net "rs", 1 0, L_0000020f204cb3e0;  1 drivers
E_0000020f2046ba50 .event posedge, v0000020f204cb020_0, v0000020f204cab70_0;
L_0000020f204cbca0 .part v0000020f203b63b0_0, 6, 2;
L_0000020f204cb3e0 .part v0000020f203b63b0_0, 4, 2;
L_0000020f204cb160 .part v0000020f203b63b0_0, 2, 2;
L_0000020f204cb200 .part v0000020f203b63b0_0, 0, 2;
    .scope S_0000020f20476a60;
T_0 ;
    %pushi/vec4 5, 0, 8;
    %ix/load 4, 0, 0;
    %flag_set/imm 4, 0;
    %store/vec4a v0000020f204cbac0, 4, 0;
    %pushi/vec4 3, 0, 8;
    %ix/load 4, 1, 0;
    %flag_set/imm 4, 0;
    %store/vec4a v0000020f204cbac0, 4, 0;
    %pushi/vec4 0, 0, 8;
    %ix/load 4, 2, 0;
    %flag_set/imm 4, 0;
    %store/vec4a v0000020f204cbac0, 4, 0;
    %pushi/vec4 0, 0, 8;
    %ix/load 4, 3, 0;
    %flag_set/imm 4, 0;
    %store/vec4a v0000020f204cbac0, 4, 0;
    %pushi/vec4 134, 0, 8;
    %ix/load 4, 0, 0;
    %flag_set/imm 4, 0;
    %store/vec4a v0000020f204cad50, 4, 0;
    %pushi/vec4 80, 0, 8;
    %ix/load 4, 1, 0;
    %flag_set/imm 4, 0;
    %store/vec4a v0000020f204cad50, 4, 0;
    %pushi/vec4 214, 0, 8;
    %ix/load 4, 2, 0;
    %flag_set/imm 4, 0;
    %store/vec4a v0000020f204cad50, 4, 0;
    %end;
    .thread T_0;
    .scope S_0000020f20476a60;
T_1 ;
    %wait E_0000020f2046ba50;
    %load/vec4 v0000020f204cb020_0;
    %flag_set/vec4 8;
    %jmp/0xz  T_1.0, 8;
    %pushi/vec4 0, 0, 4;
    %assign/vec4 v0000020f204ca850_0, 0;
    %jmp T_1.1;
T_1.0 ;
    %load/vec4 v0000020f204ca850_0;
    %pad/u 6;
    %ix/vec4 4;
    %load/vec4a v0000020f204cad50, 4;
    %assign/vec4 v0000020f203b63b0_0, 0;
    %load/vec4 v0000020f204ca850_0;
    %addi 1, 0, 4;
    %assign/vec4 v0000020f204ca850_0, 0;
    %load/vec4 v0000020f204cacb0_0;
    %dup/vec4;
    %pushi/vec4 0, 0, 2;
    %cmp/u;
    %jmp/1 T_1.2, 6;
    %dup/vec4;
    %pushi/vec4 1, 0, 2;
    %cmp/u;
    %jmp/1 T_1.3, 6;
    %dup/vec4;
    %pushi/vec4 2, 0, 2;
    %cmp/u;
    %jmp/1 T_1.4, 6;
    %jmp T_1.5;
T_1.2 ;
    %load/vec4 v0000020f204cadf0_0;
    %pad/u 4;
    %ix/vec4 4;
    %load/vec4a v0000020f204cbac0, 4;
    %load/vec4 v0000020f204cbb60_0;
    %pad/u 4;
    %ix/vec4 4;
    %load/vec4a v0000020f204cbac0, 4;
    %add;
    %load/vec4 v0000020f204cadf0_0;
    %pad/u 4;
    %ix/vec4 3;
    %ix/load 4, 0, 0; Constant delay
    %assign/vec4/a/d v0000020f204cbac0, 0, 4;
    %jmp T_1.5;
T_1.3 ;
    %load/vec4 v0000020f204cadf0_0;
    %pad/u 4;
    %ix/vec4 4;
    %load/vec4a v0000020f204cbac0, 4;
    %load/vec4 v0000020f204cbb60_0;
    %pad/u 4;
    %ix/vec4 4;
    %load/vec4a v0000020f204cbac0, 4;
    %sub;
    %load/vec4 v0000020f204cadf0_0;
    %pad/u 4;
    %ix/vec4 3;
    %ix/load 4, 0, 0; Constant delay
    %assign/vec4/a/d v0000020f204cbac0, 0, 4;
    %jmp T_1.5;
T_1.4 ;
    %load/vec4 v0000020f204cbb60_0;
    %pad/u 4;
    %ix/vec4 4;
    %load/vec4a v0000020f204cbac0, 4;
    %load/vec4 v0000020f204cac10_0;
    %pad/u 8;
    %add;
    %load/vec4 v0000020f204cadf0_0;
    %pad/u 4;
    %ix/vec4 3;
    %ix/load 4, 0, 0; Constant delay
    %assign/vec4/a/d v0000020f204cbac0, 0, 4;
    %jmp T_1.5;
T_1.5 ;
    %pop/vec4 1;
T_1.1 ;
    %jmp T_1;
    .thread T_1;
    .scope S_0000020f204768d0;
T_2 ;
    %pushi/vec4 0, 0, 1;
    %store/vec4 v0000020f204cb0c0_0, 0, 1;
    %pushi/vec4 1, 0, 1;
    %store/vec4 v0000020f204caf80_0, 0, 1;
    %end;
    .thread T_2;
    .scope S_0000020f204768d0;
T_3 ;
    %delay 5, 0;
    %load/vec4 v0000020f204cb0c0_0;
    %inv;
    %store/vec4 v0000020f204cb0c0_0, 0, 1;
    %jmp T_3;
    .thread T_3;
    .scope S_0000020f204768d0;
T_4 ;
    %delay 10, 0;
    %pushi/vec4 0, 0, 1;
    %store/vec4 v0000020f204caf80_0, 0, 1;
    %delay 120, 0;
    %vpi_call 2 28 "$display", "---- Register Values ----" {0 0 0};
    %vpi_call 2 29 "$display", "R0 = %d", v0000020f204cb840_0 {0 0 0};
    %vpi_call 2 30 "$display", "R1 = %d", v0000020f204cbc00_0 {0 0 0};
    %vpi_call 2 31 "$display", "R2 = %d", v0000020f204cb340_0 {0 0 0};
    %vpi_call 2 32 "$display", "R3 = %d", v0000020f204cb8e0_0 {0 0 0};
    %vpi_call 2 34 "$finish" {0 0 0};
    %end;
    .thread T_4;
# The file index is used to find the file name in the following table.
:file_names 4;
    "N/A";
    "<interactive>";
    "tb_risc_immediate_cpu.v";
    "risc_immediate_cpu.v";
